

Started GET "/" for ::1 at 2016-07-15 12:50:05 -0400

ActiveRecord::PendingMigrationError (

Migrations are pending. To resolve this issue, run:

	bin/rake db:migrate RAILS_ENV=development

):
  activerecord (4.2.5.1) lib/active_record/migration.rb:392:in `check_pending!'
  activerecord (4.2.5.1) lib/active_record/migration.rb:373:in `call'
  actionpack (4.2.5.1) lib/action_dispatch/middleware/callbacks.rb:29:in `block in call'
  activesupport (4.2.5.1) lib/active_support/callbacks.rb:88:in `__run_callbacks__'
  activesupport (4.2.5.1) lib/active_support/callbacks.rb:778:in `_run_call_callbacks'
  activesupport (4.2.5.1) lib/active_support/callbacks.rb:81:in `run_callbacks'
  actionpack (4.2.5.1) lib/action_dispatch/middleware/callbacks.rb:27:in `call'
  actionpack (4.2.5.1) lib/action_dispatch/middleware/reloader.rb:73:in `call'
  actionpack (4.2.5.1) lib/action_dispatch/middleware/remote_ip.rb:78:in `call'
  actionpack (4.2.5.1) lib/action_dispatch/middleware/debug_exceptions.rb:17:in `call'
  web-console (2.3.0) lib/web_console/middleware.rb:28:in `block in call'
  web-console (2.3.0) lib/web_console/middleware.rb:18:in `catch'
  web-console (2.3.0) lib/web_console/middleware.rb:18:in `call'
  actionpack (4.2.5.1) lib/action_dispatch/middleware/show_exceptions.rb:30:in `call'
  railties (4.2.5.1) lib/rails/rack/logger.rb:38:in `call_app'
  railties (4.2.5.1) lib/rails/rack/logger.rb:20:in `block in call'
  activesupport (4.2.5.1) lib/active_support/tagged_logging.rb:68:in `block in tagged'
  activesupport (4.2.5.1) lib/active_support/tagged_logging.rb:26:in `tagged'
  activesupport (4.2.5.1) lib/active_support/tagged_logging.rb:68:in `tagged'
  railties (4.2.5.1) lib/rails/rack/logger.rb:20:in `call'
  actionpack (4.2.5.1) lib/action_dispatch/middleware/request_id.rb:21:in `call'
  rack (1.6.4) lib/rack/methodoverride.rb:22:in `call'
  rack (1.6.4) lib/rack/runtime.rb:18:in `call'
  activesupport (4.2.5.1) lib/active_support/cache/strategy/local_cache_middleware.rb:28:in `call'
  rack (1.6.4) lib/rack/lock.rb:17:in `call'
  actionpack (4.2.5.1) lib/action_dispatch/middleware/static.rb:116:in `call'
  rack (1.6.4) lib/rack/sendfile.rb:113:in `call'
  railties (4.2.5.1) lib/rails/engine.rb:518:in `call'
  railties (4.2.5.1) lib/rails/application.rb:165:in `call'
  rack (1.6.4) lib/rack/lock.rb:17:in `call'
  rack (1.6.4) lib/rack/content_length.rb:15:in `call'
  rack (1.6.4) lib/rack/handler/webrick.rb:88:in `service'
  /Users/Yumei/.rvm/rubies/ruby-2.3.0/lib/ruby/2.3.0/webrick/httpserver.rb:140:in `service'
  /Users/Yumei/.rvm/rubies/ruby-2.3.0/lib/ruby/2.3.0/webrick/httpserver.rb:96:in `run'
  /Users/Yumei/.rvm/rubies/ruby-2.3.0/lib/ruby/2.3.0/webrick/server.rb:296:in `block in start_thread'


  Rendered /Users/Yumei/.rvm/gems/ruby-2.3.0/gems/actionpack-4.2.5.1/lib/action_dispatch/middleware/templates/rescues/_source.erb (4.0ms)
  Rendered /Users/Yumei/.rvm/gems/ruby-2.3.0/gems/actionpack-4.2.5.1/lib/action_dispatch/middleware/templates/rescues/_trace.html.erb (3.0ms)
  Rendered /Users/Yumei/.rvm/gems/ruby-2.3.0/gems/actionpack-4.2.5.1/lib/action_dispatch/middleware/templates/rescues/_request_and_response.html.erb (1.3ms)
  Rendered /Users/Yumei/.rvm/gems/ruby-2.3.0/gems/actionpack-4.2.5.1/lib/action_dispatch/middleware/templates/rescues/diagnostics.html.erb within rescues/layout (115.0ms)
  Rendered /Users/Yumei/.rvm/gems/ruby-2.3.0/gems/web-console-2.3.0/lib/web_console/templates/_markup.html.erb (0.6ms)
  Rendered /Users/Yumei/.rvm/gems/ruby-2.3.0/gems/web-console-2.3.0/lib/web_console/templates/_inner_console_markup.html.erb within layouts/inlined_string (0.6ms)
  Rendered /Users/Yumei/.rvm/gems/ruby-2.3.0/gems/web-console-2.3.0/lib/web_console/templates/_prompt_box_markup.html.erb within layouts/inlined_string (0.5ms)
  Rendered /Users/Yumei/.rvm/gems/ruby-2.3.0/gems/web-console-2.3.0/lib/web_console/templates/style.css.erb within layouts/inlined_string (0.5ms)
  Rendered /Users/Yumei/.rvm/gems/ruby-2.3.0/gems/web-console-2.3.0/lib/web_console/templates/console.js.erb within layouts/javascript (120.8ms)
  Rendered /Users/Yumei/.rvm/gems/ruby-2.3.0/gems/web-console-2.3.0/lib/web_console/templates/main.js.erb within layouts/javascript (0.5ms)
  Rendered /Users/Yumei/.rvm/gems/ruby-2.3.0/gems/web-console-2.3.0/lib/web_console/templates/error_page.js.erb within layouts/javascript (0.6ms)
  Rendered /Users/Yumei/.rvm/gems/ruby-2.3.0/gems/web-console-2.3.0/lib/web_console/templates/index.html.erb (270.0ms)


Started GET "/" for ::1 at 2016-07-15 13:10:50 -0400

ActiveRecord::PendingMigrationError (

Migrations are pending. To resolve this issue, run:

	bin/rake db:migrate RAILS_ENV=development

):
  activerecord (4.2.5.1) lib/active_record/migration.rb:392:in `check_pending!'
  activerecord (4.2.5.1) lib/active_record/migration.rb:373:in `call'
  actionpack (4.2.5.1) lib/action_dispatch/middleware/callbacks.rb:29:in `block in call'
  activesupport (4.2.5.1) lib/active_support/callbacks.rb:88:in `__run_callbacks__'
  activesupport (4.2.5.1) lib/active_support/callbacks.rb:778:in `_run_call_callbacks'
  activesupport (4.2.5.1) lib/active_support/callbacks.rb:81:in `run_callbacks'
  actionpack (4.2.5.1) lib/action_dispatch/middleware/callbacks.rb:27:in `call'
  actionpack (4.2.5.1) lib/action_dispatch/middleware/reloader.rb:73:in `call'
  actionpack (4.2.5.1) lib/action_dispatch/middleware/remote_ip.rb:78:in `call'
  actionpack (4.2.5.1) lib/action_dispatch/middleware/debug_exceptions.rb:17:in `call'
  web-console (2.3.0) lib/web_console/middleware.rb:28:in `block in call'
  web-console (2.3.0) lib/web_console/middleware.rb:18:in `catch'
  web-console (2.3.0) lib/web_console/middleware.rb:18:in `call'
  actionpack (4.2.5.1) lib/action_dispatch/middleware/show_exceptions.rb:30:in `call'
  railties (4.2.5.1) lib/rails/rack/logger.rb:38:in `call_app'
  railties (4.2.5.1) lib/rails/rack/logger.rb:20:in `block in call'
  activesupport (4.2.5.1) lib/active_support/tagged_logging.rb:68:in `block in tagged'
  activesupport (4.2.5.1) lib/active_support/tagged_logging.rb:26:in `tagged'
  activesupport (4.2.5.1) lib/active_support/tagged_logging.rb:68:in `tagged'
  railties (4.2.5.1) lib/rails/rack/logger.rb:20:in `call'
  actionpack (4.2.5.1) lib/action_dispatch/middleware/request_id.rb:21:in `call'
  rack (1.6.4) lib/rack/methodoverride.rb:22:in `call'
  rack (1.6.4) lib/rack/runtime.rb:18:in `call'
  activesupport (4.2.5.1) lib/active_support/cache/strategy/local_cache_middleware.rb:28:in `call'
  rack (1.6.4) lib/rack/lock.rb:17:in `call'
  actionpack (4.2.5.1) lib/action_dispatch/middleware/static.rb:116:in `call'
  rack (1.6.4) lib/rack/sendfile.rb:113:in `call'
  railties (4.2.5.1) lib/rails/engine.rb:518:in `call'
  railties (4.2.5.1) lib/rails/application.rb:165:in `call'
  rack (1.6.4) lib/rack/lock.rb:17:in `call'
  rack (1.6.4) lib/rack/content_length.rb:15:in `call'
  rack (1.6.4) lib/rack/handler/webrick.rb:88:in `service'
  /Users/Yumei/.rvm/rubies/ruby-2.3.0/lib/ruby/2.3.0/webrick/httpserver.rb:140:in `service'
  /Users/Yumei/.rvm/rubies/ruby-2.3.0/lib/ruby/2.3.0/webrick/httpserver.rb:96:in `run'
  /Users/Yumei/.rvm/rubies/ruby-2.3.0/lib/ruby/2.3.0/webrick/server.rb:296:in `block in start_thread'


  Rendered /Users/Yumei/.rvm/gems/ruby-2.3.0/gems/actionpack-4.2.5.1/lib/action_dispatch/middleware/templates/rescues/_source.erb (4.5ms)
  Rendered /Users/Yumei/.rvm/gems/ruby-2.3.0/gems/actionpack-4.2.5.1/lib/action_dispatch/middleware/templates/rescues/_trace.html.erb (2.6ms)
  Rendered /Users/Yumei/.rvm/gems/ruby-2.3.0/gems/actionpack-4.2.5.1/lib/action_dispatch/middleware/templates/rescues/_request_and_response.html.erb (1.9ms)
  Rendered /Users/Yumei/.rvm/gems/ruby-2.3.0/gems/actionpack-4.2.5.1/lib/action_dispatch/middleware/templates/rescues/diagnostics.html.erb within rescues/layout (145.6ms)
  Rendered /Users/Yumei/.rvm/gems/ruby-2.3.0/gems/web-console-2.3.0/lib/web_console/templates/_markup.html.erb (0.8ms)
  Rendered /Users/Yumei/.rvm/gems/ruby-2.3.0/gems/web-console-2.3.0/lib/web_console/templates/_inner_console_markup.html.erb within layouts/inlined_string (0.5ms)
  Rendered /Users/Yumei/.rvm/gems/ruby-2.3.0/gems/web-console-2.3.0/lib/web_console/templates/_prompt_box_markup.html.erb within layouts/inlined_string (1.0ms)
  Rendered /Users/Yumei/.rvm/gems/ruby-2.3.0/gems/web-console-2.3.0/lib/web_console/templates/style.css.erb within layouts/inlined_string (0.5ms)
  Rendered /Users/Yumei/.rvm/gems/ruby-2.3.0/gems/web-console-2.3.0/lib/web_console/templates/console.js.erb within layouts/javascript (140.7ms)
  Rendered /Users/Yumei/.rvm/gems/ruby-2.3.0/gems/web-console-2.3.0/lib/web_console/templates/main.js.erb within layouts/javascript (0.6ms)
  Rendered /Users/Yumei/.rvm/gems/ruby-2.3.0/gems/web-console-2.3.0/lib/web_console/templates/error_page.js.erb within layouts/javascript (0.6ms)
  Rendered /Users/Yumei/.rvm/gems/ruby-2.3.0/gems/web-console-2.3.0/lib/web_console/templates/index.html.erb (303.5ms)
  [1m[36m (3.9ms)[0m  [1mCREATE TABLE "schema_migrations" ("version" varchar NOT NULL) [0m
  [1m[35m (0.1ms)[0m  select sqlite_version(*)
  [1m[36m (2.6ms)[0m  [1mCREATE UNIQUE INDEX "unique_schema_migrations" ON "schema_migrations" ("version")[0m
  [1m[35mActiveRecord::SchemaMigration Load (0.2ms)[0m  SELECT "schema_migrations".* FROM "schema_migrations"
Migrating to CreateLists (20160310040747)
  [1m[36m (0.2ms)[0m  [1mbegin transaction[0m
  [1m[35m (0.7ms)[0m  CREATE TABLE "lists" ("id" INTEGER PRIMARY KEY AUTOINCREMENT NOT NULL, "name" varchar, "created_at" datetime NOT NULL, "updated_at" datetime NOT NULL) 
  [1m[36mSQL (0.4ms)[0m  [1mINSERT INTO "schema_migrations" ("version") VALUES (?)[0m  [["version", "20160310040747"]]
  [1m[35m (4.8ms)[0m  commit transaction
  [1m[36mActiveRecord::SchemaMigration Load (0.1ms)[0m  [1mSELECT "schema_migrations".* FROM "schema_migrations"[0m


Started GET "/" for ::1 at 2016-07-15 13:13:37 -0400
  [1m[36mActiveRecord::SchemaMigration Load (0.2ms)[0m  [1mSELECT "schema_migrations".* FROM "schema_migrations"[0m
Processing by ListsController#index as HTML
  [1m[35mList Load (0.2ms)[0m  SELECT "lists".* FROM "lists"
  Rendered lists/index.html.erb within layouts/application (41.2ms)
Completed 200 OK in 2744ms (Views: 2714.8ms | ActiveRecord: 0.9ms)


Started GET "/assets/jquery.self-660adc51e0224b731d29f575a6f1ec167ba08ad06ed5deca4f1e8654c135bf4c.js?body=1" for ::1 at 2016-07-15 13:13:40 -0400


Started GET "/assets/application.self-e3aeec5fd5935b99828fb8f43ec8a1afd3aad7f84cc15ac5eafc65b5ad8ef866.css?body=1" for ::1 at 2016-07-15 13:13:40 -0400


Started GET "/assets/application.self-3b8dabdc891efe46b9a144b400ad69e37d7e5876bdc39dee783419a69d7ca819.js?body=1" for ::1 at 2016-07-15 13:13:40 -0400


Started GET "/assets/jquery_ujs.self-e87806d0cf4489aeb1bb7288016024e8de67fd18db693fe026fe3907581e53cd.js?body=1" for ::1 at 2016-07-15 13:13:40 -0400


Started GET "/assets/turbolinks.self-c37727e9bd6b2735da5c311aa83fead54ed0be6cc8bd9a65309e9c5abe2cbfff.js?body=1" for ::1 at 2016-07-15 13:13:40 -0400


Started GET "/assets/todomvc-base.self-a66641f41d319c2f2f39ae06e193cc37c366ccc356a61c65c573a7c7452f384e.css?body=1" for ::1 at 2016-07-15 13:13:40 -0400


Started GET "/assets/lists.self-877aef30ae1b040ab8a3aba4e3e309a11d7f2612f44dde450b5c157aa5f95c05.js?body=1" for ::1 at 2016-07-15 13:13:40 -0400


Started GET "/" for ::1 at 2016-07-15 13:27:45 -0400
Processing by ListsController#index as HTML
  [1m[36mList Load (0.3ms)[0m  [1mSELECT "lists".* FROM "lists"[0m
  Rendered lists/index.html.erb within layouts/application (4.1ms)
Completed 200 OK in 39ms (Views: 37.3ms | ActiveRecord: 0.3ms)


Started GET "/assets/todomvc-base.self-a66641f41d319c2f2f39ae06e193cc37c366ccc356a61c65c573a7c7452f384e.css?body=1" for ::1 at 2016-07-15 13:27:45 -0400


Started GET "/assets/application.self-e3aeec5fd5935b99828fb8f43ec8a1afd3aad7f84cc15ac5eafc65b5ad8ef866.css?body=1" for ::1 at 2016-07-15 13:27:46 -0400


Started GET "/assets/jquery.self-660adc51e0224b731d29f575a6f1ec167ba08ad06ed5deca4f1e8654c135bf4c.js?body=1" for ::1 at 2016-07-15 13:27:46 -0400


Started GET "/assets/turbolinks.self-c37727e9bd6b2735da5c311aa83fead54ed0be6cc8bd9a65309e9c5abe2cbfff.js?body=1" for ::1 at 2016-07-15 13:27:46 -0400


Started GET "/assets/lists.self-877aef30ae1b040ab8a3aba4e3e309a11d7f2612f44dde450b5c157aa5f95c05.js?body=1" for ::1 at 2016-07-15 13:27:46 -0400


Started GET "/assets/jquery_ujs.self-e87806d0cf4489aeb1bb7288016024e8de67fd18db693fe026fe3907581e53cd.js?body=1" for ::1 at 2016-07-15 13:27:46 -0400


Started GET "/assets/application.self-3b8dabdc891efe46b9a144b400ad69e37d7e5876bdc39dee783419a69d7ca819.js?body=1" for ::1 at 2016-07-15 13:27:46 -0400


Started GET "/" for ::1 at 2016-07-15 13:31:00 -0400
Processing by ListsController#index as HTML
  [1m[35mList Load (0.3ms)[0m  SELECT "lists".* FROM "lists"
  Rendered lists/index.html.erb within layouts/application (2.8ms)
Completed 200 OK in 26ms (Views: 25.3ms | ActiveRecord: 0.3ms)


Started GET "/assets/todomvc-base.self-a66641f41d319c2f2f39ae06e193cc37c366ccc356a61c65c573a7c7452f384e.css?body=1" for ::1 at 2016-07-15 13:31:01 -0400


Started GET "/assets/application.self-e3aeec5fd5935b99828fb8f43ec8a1afd3aad7f84cc15ac5eafc65b5ad8ef866.css?body=1" for ::1 at 2016-07-15 13:31:01 -0400


Started GET "/assets/lists.self-877aef30ae1b040ab8a3aba4e3e309a11d7f2612f44dde450b5c157aa5f95c05.js?body=1" for ::1 at 2016-07-15 13:31:01 -0400


Started GET "/assets/jquery_ujs.self-e87806d0cf4489aeb1bb7288016024e8de67fd18db693fe026fe3907581e53cd.js?body=1" for ::1 at 2016-07-15 13:31:01 -0400


Started GET "/assets/turbolinks.self-c37727e9bd6b2735da5c311aa83fead54ed0be6cc8bd9a65309e9c5abe2cbfff.js?body=1" for ::1 at 2016-07-15 13:31:01 -0400


Started GET "/assets/jquery.self-660adc51e0224b731d29f575a6f1ec167ba08ad06ed5deca4f1e8654c135bf4c.js?body=1" for ::1 at 2016-07-15 13:31:01 -0400


Started GET "/assets/application.self-3b8dabdc891efe46b9a144b400ad69e37d7e5876bdc39dee783419a69d7ca819.js?body=1" for ::1 at 2016-07-15 13:31:01 -0400


Started GET "/" for ::1 at 2016-07-15 13:31:04 -0400
Processing by ListsController#index as HTML
  [1m[36mList Load (0.2ms)[0m  [1mSELECT "lists".* FROM "lists"[0m
  Rendered lists/index.html.erb within layouts/application (2.8ms)
Completed 200 OK in 26ms (Views: 24.5ms | ActiveRecord: 0.2ms)


Started GET "/assets/application.self-e3aeec5fd5935b99828fb8f43ec8a1afd3aad7f84cc15ac5eafc65b5ad8ef866.css?body=1" for ::1 at 2016-07-15 13:31:04 -0400


Started GET "/assets/jquery.self-660adc51e0224b731d29f575a6f1ec167ba08ad06ed5deca4f1e8654c135bf4c.js?body=1" for ::1 at 2016-07-15 13:31:04 -0400


Started GET "/assets/jquery_ujs.self-e87806d0cf4489aeb1bb7288016024e8de67fd18db693fe026fe3907581e53cd.js?body=1" for ::1 at 2016-07-15 13:31:04 -0400


Started GET "/assets/lists.self-877aef30ae1b040ab8a3aba4e3e309a11d7f2612f44dde450b5c157aa5f95c05.js?body=1" for ::1 at 2016-07-15 13:31:04 -0400


Started GET "/assets/turbolinks.self-c37727e9bd6b2735da5c311aa83fead54ed0be6cc8bd9a65309e9c5abe2cbfff.js?body=1" for ::1 at 2016-07-15 13:31:04 -0400


Started GET "/assets/todomvc-base.self-a66641f41d319c2f2f39ae06e193cc37c366ccc356a61c65c573a7c7452f384e.css?body=1" for ::1 at 2016-07-15 13:31:04 -0400


Started GET "/assets/application.self-3b8dabdc891efe46b9a144b400ad69e37d7e5876bdc39dee783419a69d7ca819.js?body=1" for ::1 at 2016-07-15 13:31:04 -0400


Started GET "/" for ::1 at 2016-07-15 13:32:33 -0400
Processing by ListsController#index as HTML
  [1m[35mList Load (0.3ms)[0m  SELECT "lists".* FROM "lists"
  Rendered lists/index.html.erb within layouts/application (3.6ms)
Completed 200 OK in 36ms (Views: 34.2ms | ActiveRecord: 0.3ms)


Started GET "/assets/todomvc-base.self-a66641f41d319c2f2f39ae06e193cc37c366ccc356a61c65c573a7c7452f384e.css?body=1" for ::1 at 2016-07-15 13:32:33 -0400


Started GET "/assets/application.self-e3aeec5fd5935b99828fb8f43ec8a1afd3aad7f84cc15ac5eafc65b5ad8ef866.css?body=1" for ::1 at 2016-07-15 13:32:33 -0400


Started GET "/assets/jquery.self-660adc51e0224b731d29f575a6f1ec167ba08ad06ed5deca4f1e8654c135bf4c.js?body=1" for ::1 at 2016-07-15 13:32:33 -0400


Started GET "/assets/turbolinks.self-c37727e9bd6b2735da5c311aa83fead54ed0be6cc8bd9a65309e9c5abe2cbfff.js?body=1" for ::1 at 2016-07-15 13:32:33 -0400


Started GET "/assets/jquery_ujs.self-e87806d0cf4489aeb1bb7288016024e8de67fd18db693fe026fe3907581e53cd.js?body=1" for ::1 at 2016-07-15 13:32:33 -0400


Started GET "/assets/application.self-3b8dabdc891efe46b9a144b400ad69e37d7e5876bdc39dee783419a69d7ca819.js?body=1" for ::1 at 2016-07-15 13:32:33 -0400


Started GET "/assets/lists.self-877aef30ae1b040ab8a3aba4e3e309a11d7f2612f44dde450b5c157aa5f95c05.js?body=1" for ::1 at 2016-07-15 13:32:33 -0400


Started GET "/" for ::1 at 2016-07-15 13:34:25 -0400
Processing by ListsController#index as HTML
  [1m[36mList Load (0.2ms)[0m  [1mSELECT "lists".* FROM "lists"[0m
  Rendered lists/index.html.erb within layouts/application (4.2ms)
Completed 200 OK in 41ms (Views: 39.1ms | ActiveRecord: 0.2ms)


Started GET "/assets/lists.self-877aef30ae1b040ab8a3aba4e3e309a11d7f2612f44dde450b5c157aa5f95c05.js?body=1" for ::1 at 2016-07-15 13:34:25 -0400


Started GET "/assets/jquery.self-660adc51e0224b731d29f575a6f1ec167ba08ad06ed5deca4f1e8654c135bf4c.js?body=1" for ::1 at 2016-07-15 13:34:25 -0400


Started GET "/assets/turbolinks.self-c37727e9bd6b2735da5c311aa83fead54ed0be6cc8bd9a65309e9c5abe2cbfff.js?body=1" for ::1 at 2016-07-15 13:34:25 -0400


Started GET "/assets/jquery_ujs.self-e87806d0cf4489aeb1bb7288016024e8de67fd18db693fe026fe3907581e53cd.js?body=1" for ::1 at 2016-07-15 13:34:25 -0400


Started GET "/assets/application.self-3b8dabdc891efe46b9a144b400ad69e37d7e5876bdc39dee783419a69d7ca819.js?body=1" for ::1 at 2016-07-15 13:34:25 -0400


Started GET "/assets/todomvc-base.self-a66641f41d319c2f2f39ae06e193cc37c366ccc356a61c65c573a7c7452f384e.css?body=1" for ::1 at 2016-07-15 13:34:25 -0400


Started GET "/assets/application.self-e3aeec5fd5935b99828fb8f43ec8a1afd3aad7f84cc15ac5eafc65b5ad8ef866.css?body=1" for ::1 at 2016-07-15 13:34:25 -0400


Started GET "/" for ::1 at 2016-07-15 13:35:06 -0400
Processing by ListsController#index as HTML
  [1m[35mList Load (0.3ms)[0m  SELECT "lists".* FROM "lists"
  Rendered lists/index.html.erb within layouts/application (4.8ms)
Completed 200 OK in 43ms (Views: 41.6ms | ActiveRecord: 0.3ms)


Started GET "/assets/todomvc-base.self-a66641f41d319c2f2f39ae06e193cc37c366ccc356a61c65c573a7c7452f384e.css?body=1" for ::1 at 2016-07-15 13:35:07 -0400


Started GET "/assets/application.self-e3aeec5fd5935b99828fb8f43ec8a1afd3aad7f84cc15ac5eafc65b5ad8ef866.css?body=1" for ::1 at 2016-07-15 13:35:07 -0400


Started GET "/assets/jquery.self-660adc51e0224b731d29f575a6f1ec167ba08ad06ed5deca4f1e8654c135bf4c.js?body=1" for ::1 at 2016-07-15 13:35:07 -0400


Started GET "/assets/lists.self-877aef30ae1b040ab8a3aba4e3e309a11d7f2612f44dde450b5c157aa5f95c05.js?body=1" for ::1 at 2016-07-15 13:35:07 -0400


Started GET "/assets/turbolinks.self-c37727e9bd6b2735da5c311aa83fead54ed0be6cc8bd9a65309e9c5abe2cbfff.js?body=1" for ::1 at 2016-07-15 13:35:07 -0400


Started GET "/assets/jquery_ujs.self-e87806d0cf4489aeb1bb7288016024e8de67fd18db693fe026fe3907581e53cd.js?body=1" for ::1 at 2016-07-15 13:35:07 -0400


Started GET "/assets/application.self-3b8dabdc891efe46b9a144b400ad69e37d7e5876bdc39dee783419a69d7ca819.js?body=1" for ::1 at 2016-07-15 13:35:07 -0400


Started GET "/" for ::1 at 2016-07-15 13:36:17 -0400
Processing by ListsController#index as HTML
  [1m[36mList Load (0.2ms)[0m  [1mSELECT "lists".* FROM "lists"[0m
  Rendered lists/index.html.erb within layouts/application (3.5ms)
Completed 200 OK in 32ms (Views: 30.4ms | ActiveRecord: 0.2ms)


Started GET "/assets/application.self-e3aeec5fd5935b99828fb8f43ec8a1afd3aad7f84cc15ac5eafc65b5ad8ef866.css?body=1" for ::1 at 2016-07-15 13:36:17 -0400


Started GET "/assets/jquery.self-660adc51e0224b731d29f575a6f1ec167ba08ad06ed5deca4f1e8654c135bf4c.js?body=1" for ::1 at 2016-07-15 13:36:17 -0400


Started GET "/assets/lists.self-877aef30ae1b040ab8a3aba4e3e309a11d7f2612f44dde450b5c157aa5f95c05.js?body=1" for ::1 at 2016-07-15 13:36:17 -0400


Started GET "/assets/turbolinks.self-c37727e9bd6b2735da5c311aa83fead54ed0be6cc8bd9a65309e9c5abe2cbfff.js?body=1" for ::1 at 2016-07-15 13:36:17 -0400


Started GET "/assets/jquery_ujs.self-e87806d0cf4489aeb1bb7288016024e8de67fd18db693fe026fe3907581e53cd.js?body=1" for ::1 at 2016-07-15 13:36:17 -0400


Started GET "/assets/application.self-3b8dabdc891efe46b9a144b400ad69e37d7e5876bdc39dee783419a69d7ca819.js?body=1" for ::1 at 2016-07-15 13:36:17 -0400


Started GET "/assets/todomvc-base.self-a66641f41d319c2f2f39ae06e193cc37c366ccc356a61c65c573a7c7452f384e.css?body=1" for ::1 at 2016-07-15 13:36:17 -0400


Started POST "/lists" for ::1 at 2016-07-15 13:36:44 -0400
Processing by ListsController#create as HTML
  Parameters: {"utf8"=>"✓", "authenticity_token"=>"ev36RDgZRn5Pui5NBBphtLcjLNcb8y+0nl/hrrNhdPv/8h9FZhCJxjJc7JFbR73d2xRFdbH0j6hz2vGsHKqgWg==", "list"=>{"name"=>"A new list"}, "commit"=>"Create List"}
  [1m[35m (0.1ms)[0m  begin transaction
  [1m[36mSQL (0.6ms)[0m  [1mINSERT INTO "lists" ("name", "created_at", "updated_at") VALUES (?, ?, ?)[0m  [["name", "A new list"], ["created_at", "2016-07-15 17:36:44.392993"], ["updated_at", "2016-07-15 17:36:44.392993"]]
  [1m[35m (3.8ms)[0m  commit transaction
Redirected to http://localhost:3000/lists/1
Completed 302 Found in 16ms (ActiveRecord: 4.6ms)


Started GET "/lists/1" for ::1 at 2016-07-15 13:36:44 -0400
Processing by ListsController#show as HTML
  Parameters: {"id"=>"1"}
  [1m[36mList Load (0.3ms)[0m  [1mSELECT  "lists".* FROM "lists" WHERE "lists"."id" = ? LIMIT 1[0m  [["id", 1]]
  Rendered lists/show.html.erb within layouts/application (0.6ms)
Completed 200 OK in 79ms (Views: 44.5ms | ActiveRecord: 0.3ms)


Started GET "/" for ::1 at 2016-07-15 13:58:47 -0400
  [1m[36mActiveRecord::SchemaMigration Load (0.2ms)[0m  [1mSELECT "schema_migrations".* FROM "schema_migrations"[0m
Processing by ListsController#index as HTML
  [1m[35mList Load (0.3ms)[0m  SELECT "lists".* FROM "lists"
  Rendered lists/index.html.erb within layouts/application (41.3ms)
Completed 200 OK in 582ms (Views: 555.3ms | ActiveRecord: 0.7ms)


Started POST "/lists" for ::1 at 2016-07-15 13:58:56 -0400
Processing by ListsController#create as HTML
  Parameters: {"utf8"=>"✓", "authenticity_token"=>"dozsd2Qs1zspoIwFHyqeTFDxoHM53NCcXSx6VcgJaTbzgwl2OiUYg1RGTtlAd0IlPMbJ0ZPbcICwqWpXZ8K9lw==", "list"=>{"name"=>"New new list"}, "commit"=>"Create List"}
  [1m[36m (0.2ms)[0m  [1mbegin transaction[0m
  [1m[35mSQL (0.6ms)[0m  INSERT INTO "lists" ("name", "created_at", "updated_at") VALUES (?, ?, ?)  [["name", "New new list"], ["created_at", "2016-07-15 17:58:56.935403"], ["updated_at", "2016-07-15 17:58:56.935403"]]
  [1m[36m (2.0ms)[0m  [1mcommit transaction[0m
Redirected to http://localhost:3000/lists/2
Completed 302 Found in 12ms (ActiveRecord: 2.7ms)


Started GET "/lists/2" for ::1 at 2016-07-15 13:58:56 -0400
Processing by ListsController#show as HTML
  Parameters: {"id"=>"2"}
  [1m[35mList Load (0.3ms)[0m  SELECT  "lists".* FROM "lists" WHERE "lists"."id" = ? LIMIT 1  [["id", 2]]
  Rendered lists/show.html.erb within layouts/application (0.8ms)
Completed 200 OK in 45ms (Views: 24.4ms | ActiveRecord: 0.3ms)


Started GET "/lists" for ::1 at 2016-07-15 13:59:08 -0400
Processing by ListsController#index as HTML
  [1m[36mList Load (0.4ms)[0m  [1mSELECT "lists".* FROM "lists"[0m
  Rendered lists/index.html.erb within layouts/application (3.5ms)
Completed 200 OK in 28ms (Views: 26.7ms | ActiveRecord: 0.4ms)


Started GET "/lists" for ::1 at 2016-07-15 14:00:02 -0400
Processing by ListsController#index as HTML
  [1m[35mList Load (0.2ms)[0m  SELECT "lists".* FROM "lists"
  Rendered lists/index.html.erb within layouts/application (3.5ms)
Completed 200 OK in 47ms (Views: 45.5ms | ActiveRecord: 0.2ms)


Started GET "/assets/todomvc-base.self-a66641f41d319c2f2f39ae06e193cc37c366ccc356a61c65c573a7c7452f384e.css?body=1" for ::1 at 2016-07-15 14:00:02 -0400


Started GET "/assets/application.self-e3aeec5fd5935b99828fb8f43ec8a1afd3aad7f84cc15ac5eafc65b5ad8ef866.css?body=1" for ::1 at 2016-07-15 14:00:02 -0400


Started GET "/assets/jquery.self-660adc51e0224b731d29f575a6f1ec167ba08ad06ed5deca4f1e8654c135bf4c.js?body=1" for ::1 at 2016-07-15 14:00:02 -0400


Started GET "/assets/lists.self-877aef30ae1b040ab8a3aba4e3e309a11d7f2612f44dde450b5c157aa5f95c05.js?body=1" for ::1 at 2016-07-15 14:00:02 -0400


Started GET "/assets/jquery_ujs.self-e87806d0cf4489aeb1bb7288016024e8de67fd18db693fe026fe3907581e53cd.js?body=1" for ::1 at 2016-07-15 14:00:02 -0400


Started GET "/assets/turbolinks.self-c37727e9bd6b2735da5c311aa83fead54ed0be6cc8bd9a65309e9c5abe2cbfff.js?body=1" for ::1 at 2016-07-15 14:00:02 -0400


Started GET "/assets/application.self-3b8dabdc891efe46b9a144b400ad69e37d7e5876bdc39dee783419a69d7ca819.js?body=1" for ::1 at 2016-07-15 14:00:02 -0400


Started GET "/lists" for ::1 at 2016-07-15 14:03:28 -0400
Processing by ListsController#index as HTML
  [1m[36mList Load (0.3ms)[0m  [1mSELECT "lists".* FROM "lists"[0m
  Rendered lists/index.html.erb within layouts/application (4.8ms)
Completed 200 OK in 54ms (Views: 41.3ms | ActiveRecord: 1.0ms)


Started GET "/assets/application.self-e3aeec5fd5935b99828fb8f43ec8a1afd3aad7f84cc15ac5eafc65b5ad8ef866.css?body=1" for ::1 at 2016-07-15 14:03:29 -0400


Started GET "/assets/jquery.self-660adc51e0224b731d29f575a6f1ec167ba08ad06ed5deca4f1e8654c135bf4c.js?body=1" for ::1 at 2016-07-15 14:03:29 -0400


Started GET "/assets/jquery_ujs.self-e87806d0cf4489aeb1bb7288016024e8de67fd18db693fe026fe3907581e53cd.js?body=1" for ::1 at 2016-07-15 14:03:29 -0400


Started GET "/assets/application.self-3b8dabdc891efe46b9a144b400ad69e37d7e5876bdc39dee783419a69d7ca819.js?body=1" for ::1 at 2016-07-15 14:03:29 -0400


Started GET "/assets/lists.self-877aef30ae1b040ab8a3aba4e3e309a11d7f2612f44dde450b5c157aa5f95c05.js?body=1" for ::1 at 2016-07-15 14:03:29 -0400


Started GET "/assets/turbolinks.self-c37727e9bd6b2735da5c311aa83fead54ed0be6cc8bd9a65309e9c5abe2cbfff.js?body=1" for ::1 at 2016-07-15 14:03:29 -0400


Started GET "/assets/todomvc-base.self-a66641f41d319c2f2f39ae06e193cc37c366ccc356a61c65c573a7c7452f384e.css?body=1" for ::1 at 2016-07-15 14:03:29 -0400


Started POST "/lists" for ::1 at 2016-07-15 14:03:37 -0400
Processing by ListsController#create as HTML
  Parameters: {"utf8"=>"✓", "authenticity_token"=>"DBKmPRRgnC1c87WpDCdsmc2Q0xc+ComtbLp4SpnW2UCJHUM8SmlTlSEVd3VTerDwoae6tZQNKbGBP2hINh0N4Q==", "list"=>{"name"=>"Another new list"}, "commit"=>"Create List"}
  [1m[35m (0.1ms)[0m  begin transaction
  [1m[36mSQL (0.5ms)[0m  [1mINSERT INTO "lists" ("name", "created_at", "updated_at") VALUES (?, ?, ?)[0m  [["name", "Another new list"], ["created_at", "2016-07-15 18:03:37.198741"], ["updated_at", "2016-07-15 18:03:37.198741"]]
  [1m[35m (4.3ms)[0m  commit transaction
Redirected to http://localhost:3000/lists
Completed 302 Found in 9ms (ActiveRecord: 4.9ms)


Started GET "/lists" for ::1 at 2016-07-15 14:03:37 -0400
Processing by ListsController#index as HTML
  [1m[36mList Load (0.2ms)[0m  [1mSELECT "lists".* FROM "lists"[0m
  Rendered lists/index.html.erb within layouts/application (3.0ms)
Completed 200 OK in 31ms (Views: 29.7ms | ActiveRecord: 0.2ms)


Started GET "/lists/1" for ::1 at 2016-07-15 14:03:41 -0400
Processing by ListsController#show as HTML
  Parameters: {"id"=>"1"}
  [1m[35mList Load (0.3ms)[0m  SELECT  "lists".* FROM "lists" WHERE "lists"."id" = ? LIMIT 1  [["id", 1]]
  Rendered lists/show.html.erb within layouts/application (0.9ms)
Completed 200 OK in 31ms (Views: 29.3ms | ActiveRecord: 0.3ms)


Started GET "/lists/2" for ::1 at 2016-07-15 14:03:45 -0400
Processing by ListsController#show as HTML
  Parameters: {"id"=>"2"}
  [1m[36mList Load (0.2ms)[0m  [1mSELECT  "lists".* FROM "lists" WHERE "lists"."id" = ? LIMIT 1[0m  [["id", 2]]
  Rendered lists/show.html.erb within layouts/application (0.1ms)
Completed 200 OK in 30ms (Views: 28.1ms | ActiveRecord: 0.2ms)


Started GET "/lists/3" for ::1 at 2016-07-15 14:03:47 -0400
Processing by ListsController#show as HTML
  Parameters: {"id"=>"3"}
  [1m[35mList Load (0.2ms)[0m  SELECT  "lists".* FROM "lists" WHERE "lists"."id" = ? LIMIT 1  [["id", 3]]
  Rendered lists/show.html.erb within layouts/application (0.1ms)
Completed 200 OK in 29ms (Views: 26.3ms | ActiveRecord: 0.2ms)


Started GET "/lists/2" for ::1 at 2016-07-15 14:03:51 -0400
Processing by ListsController#show as HTML
  Parameters: {"id"=>"2"}
  [1m[36mList Load (0.1ms)[0m  [1mSELECT  "lists".* FROM "lists" WHERE "lists"."id" = ? LIMIT 1[0m  [["id", 2]]
  Rendered lists/show.html.erb within layouts/application (0.1ms)
Completed 200 OK in 43ms (Views: 42.1ms | ActiveRecord: 0.1ms)


Started GET "/lists/3" for ::1 at 2016-07-15 14:03:54 -0400
Processing by ListsController#show as HTML
  Parameters: {"id"=>"3"}
  [1m[35mList Load (0.2ms)[0m  SELECT  "lists".* FROM "lists" WHERE "lists"."id" = ? LIMIT 1  [["id", 3]]
  Rendered lists/show.html.erb within layouts/application (0.1ms)
Completed 200 OK in 26ms (Views: 24.5ms | ActiveRecord: 0.2ms)


Started GET "/lists/2" for ::1 at 2016-07-15 14:03:59 -0400
Processing by ListsController#show as HTML
  Parameters: {"id"=>"2"}
  [1m[36mList Load (0.2ms)[0m  [1mSELECT  "lists".* FROM "lists" WHERE "lists"."id" = ? LIMIT 1[0m  [["id", 2]]
  Rendered lists/show.html.erb within layouts/application (0.2ms)
Completed 200 OK in 26ms (Views: 24.9ms | ActiveRecord: 0.2ms)


Started POST "/lists" for ::1 at 2016-07-15 14:04:05 -0400
Processing by ListsController#create as HTML
  Parameters: {"utf8"=>"✓", "authenticity_token"=>"nSnrgVl86Q9UlLaMdjR60qbJAOhDU5H0eVvHZ4I7YAAYJg6AB3UmtylydFApaaa7yv5pSulUMeiU3tdlLfC0oQ==", "list"=>{"name"=>"Listos"}, "commit"=>"Create List"}
  [1m[35m (0.1ms)[0m  begin transaction
  [1m[36mSQL (0.5ms)[0m  [1mINSERT INTO "lists" ("name", "created_at", "updated_at") VALUES (?, ?, ?)[0m  [["name", "Listos"], ["created_at", "2016-07-15 18:04:05.978341"], ["updated_at", "2016-07-15 18:04:05.978341"]]
  [1m[35m (5.0ms)[0m  commit transaction
Redirected to http://localhost:3000/lists
Completed 302 Found in 9ms (ActiveRecord: 5.6ms)


Started GET "/lists" for ::1 at 2016-07-15 14:04:05 -0400
Processing by ListsController#index as HTML
  [1m[36mList Load (0.3ms)[0m  [1mSELECT "lists".* FROM "lists"[0m
  Rendered lists/index.html.erb within layouts/application (3.2ms)
Completed 200 OK in 26ms (Views: 25.1ms | ActiveRecord: 0.3ms)


Started GET "/lists/4" for ::1 at 2016-07-15 14:04:08 -0400
Processing by ListsController#show as HTML
  Parameters: {"id"=>"4"}
  [1m[35mList Load (0.2ms)[0m  SELECT  "lists".* FROM "lists" WHERE "lists"."id" = ? LIMIT 1  [["id", 4]]
  Rendered lists/show.html.erb within layouts/application (0.1ms)
Completed 200 OK in 23ms (Views: 21.1ms | ActiveRecord: 0.2ms)


Started GET "/lists" for ::1 at 2016-07-15 14:04:29 -0400
Processing by ListsController#index as HTML
  [1m[36mList Load (0.2ms)[0m  [1mSELECT "lists".* FROM "lists"[0m
  Rendered lists/index.html.erb within layouts/application (5.7ms)
Completed 200 OK in 27ms (Views: 26.2ms | ActiveRecord: 0.2ms)


Started POST "/lists" for ::1 at 2016-07-15 14:04:37 -0400
Processing by ListsController#create as HTML
  Parameters: {"utf8"=>"✓", "authenticity_token"=>"u7Iu8QCYtEj5BCKv3ogOUtDP4ImRkWdQpmLbKcp8LdQ+vcvwXpF78ITi4HOB1dI7vPiJKzuWx0xL58srZbf5dQ==", "list"=>{"name"=>"long long long list"}, "commit"=>"Create List"}
  [1m[35m (0.1ms)[0m  begin transaction
  [1m[36mSQL (0.5ms)[0m  [1mINSERT INTO "lists" ("name", "created_at", "updated_at") VALUES (?, ?, ?)[0m  [["name", "long long long list"], ["created_at", "2016-07-15 18:04:37.031370"], ["updated_at", "2016-07-15 18:04:37.031370"]]
  [1m[35m (2.2ms)[0m  commit transaction
Redirected to http://localhost:3000/lists
Completed 302 Found in 7ms (ActiveRecord: 2.8ms)


Started GET "/lists" for ::1 at 2016-07-15 14:04:37 -0400
Processing by ListsController#index as HTML
  [1m[36mList Load (0.3ms)[0m  [1mSELECT "lists".* FROM "lists"[0m
  Rendered lists/index.html.erb within layouts/application (2.7ms)
Completed 200 OK in 30ms (Views: 28.6ms | ActiveRecord: 0.3ms)


Started GET "/lists/5" for ::1 at 2016-07-15 14:04:39 -0400
Processing by ListsController#show as HTML
  Parameters: {"id"=>"5"}
  [1m[35mList Load (0.1ms)[0m  SELECT  "lists".* FROM "lists" WHERE "lists"."id" = ? LIMIT 1  [["id", 5]]
  Rendered lists/show.html.erb within layouts/application (0.1ms)
Completed 200 OK in 22ms (Views: 21.0ms | ActiveRecord: 0.1ms)


Started GET "/" for ::1 at 2016-07-15 14:57:28 -0400
  [1m[36mActiveRecord::SchemaMigration Load (0.2ms)[0m  [1mSELECT "schema_migrations".* FROM "schema_migrations"[0m
Processing by ListsController#index as HTML
  [1m[35mList Load (0.3ms)[0m  SELECT "lists".* FROM "lists"
  Rendered lists/index.html.erb within layouts/application (70.2ms)
Completed 200 OK in 751ms (Views: 719.0ms | ActiveRecord: 0.8ms)


Started POST "/lists" for ::1 at 2016-07-15 14:57:37 -0400
Processing by ListsController#create as HTML
  Parameters: {"utf8"=>"✓", "authenticity_token"=>"hHBa6Tpf7JW/8Xw6lv8us43sjsOBXS6aqRrpnklqCcMBf7/oZFYjLcIXvubJovLa4dvnYStajoZEn/mc5qHdYg==", "list"=>{"name"=>"Coco's List"}, "commit"=>"Create List"}
  [1m[36m (0.1ms)[0m  [1mbegin transaction[0m
  [1m[35mSQL (0.7ms)[0m  INSERT INTO "lists" ("name", "created_at", "updated_at") VALUES (?, ?, ?)  [["name", "Coco's List"], ["created_at", "2016-07-15 18:57:37.568095"], ["updated_at", "2016-07-15 18:57:37.568095"]]
  [1m[36m (2.7ms)[0m  [1mcommit transaction[0m
Redirected to http://localhost:3000/lists
Completed 302 Found in 21ms (ActiveRecord: 3.4ms)


Started GET "/lists" for ::1 at 2016-07-15 14:57:37 -0400
Processing by ListsController#index as HTML
  [1m[35mList Load (0.3ms)[0m  SELECT "lists".* FROM "lists"
  Rendered lists/index.html.erb within layouts/application (3.4ms)
Completed 200 OK in 29ms (Views: 27.5ms | ActiveRecord: 0.3ms)


Started GET "/lists/6" for ::1 at 2016-07-15 14:57:55 -0400
Processing by ListsController#show as HTML
  Parameters: {"id"=>"6"}
  [1m[36mList Load (0.3ms)[0m  [1mSELECT  "lists".* FROM "lists" WHERE "lists"."id" = ? LIMIT 1[0m  [["id", 6]]
  Rendered lists/show.html.erb within layouts/application (0.7ms)
Completed 200 OK in 63ms (Views: 35.0ms | ActiveRecord: 0.3ms)


Started POST "/lists" for ::1 at 2016-07-15 14:58:23 -0400
Processing by ListsController#create as HTML
  Parameters: {"utf8"=>"✓", "authenticity_token"=>"lHruB3cy9+3k52DQvnsmc8ept9DgtjdT8W3g/rL3tTURdQsGKTs4VZkBogzhJvoaq57eckqxl08c6PD8HTxhlA==", "list"=>{"name"=>"Family of 4"}, "commit"=>"Create List"}
  [1m[35m (0.1ms)[0m  begin transaction
  [1m[36mSQL (0.5ms)[0m  [1mINSERT INTO "lists" ("name", "created_at", "updated_at") VALUES (?, ?, ?)[0m  [["name", "Family of 4"], ["created_at", "2016-07-15 18:58:23.804081"], ["updated_at", "2016-07-15 18:58:23.804081"]]
  [1m[35m (4.4ms)[0m  commit transaction
Redirected to http://localhost:3000/lists
Completed 302 Found in 9ms (ActiveRecord: 5.1ms)


Started GET "/lists" for ::1 at 2016-07-15 14:58:23 -0400
Processing by ListsController#index as HTML
  [1m[36mList Load (0.3ms)[0m  [1mSELECT "lists".* FROM "lists"[0m
  Rendered lists/index.html.erb within layouts/application (4.8ms)
Completed 200 OK in 63ms (Views: 61.8ms | ActiveRecord: 0.3ms)


Started GET "/lists/7" for ::1 at 2016-07-15 14:58:26 -0400
Processing by ListsController#show as HTML
  Parameters: {"id"=>"7"}
  [1m[35mList Load (0.2ms)[0m  SELECT  "lists".* FROM "lists" WHERE "lists"."id" = ? LIMIT 1  [["id", 7]]
  Rendered lists/show.html.erb within layouts/application (0.1ms)
Completed 200 OK in 44ms (Views: 41.9ms | ActiveRecord: 0.2ms)


Started GET "/" for ::1 at 2016-07-15 15:24:53 -0400
  [1m[36mActiveRecord::SchemaMigration Load (0.2ms)[0m  [1mSELECT "schema_migrations".* FROM "schema_migrations"[0m
Processing by ListsController#index as HTML
  [1m[35mList Load (0.2ms)[0m  SELECT "lists".* FROM "lists"
  Rendered lists/index.html.erb within layouts/application (39.4ms)
Completed 200 OK in 550ms (Views: 524.4ms | ActiveRecord: 0.8ms)


Started GET "/lists/6" for ::1 at 2016-07-15 15:25:02 -0400
Processing by ListsController#show as HTML
  Parameters: {"id"=>"6"}
  [1m[36mList Load (0.3ms)[0m  [1mSELECT  "lists".* FROM "lists" WHERE "lists"."id" = ? LIMIT 1[0m  [["id", 6]]
  Rendered lists/show.html.erb within layouts/application (1.2ms)
Completed 200 OK in 47ms (Views: 27.9ms | ActiveRecord: 0.3ms)


Started GET "/lists" for ::1 at 2016-07-15 15:25:03 -0400
Processing by ListsController#index as HTML
  [1m[35mList Load (0.3ms)[0m  SELECT "lists".* FROM "lists"
  Rendered lists/index.html.erb within layouts/application (5.8ms)
Completed 200 OK in 32ms (Views: 30.5ms | ActiveRecord: 0.3ms)


Started GET "/lists/1" for ::1 at 2016-07-15 15:25:07 -0400
Processing by ListsController#show as HTML
  Parameters: {"id"=>"1"}
  [1m[36mList Load (0.1ms)[0m  [1mSELECT  "lists".* FROM "lists" WHERE "lists"."id" = ? LIMIT 1[0m  [["id", 1]]
  Rendered lists/show.html.erb within layouts/application (0.6ms)
Completed 200 OK in 29ms (Views: 27.6ms | ActiveRecord: 0.1ms)


Started GET "/lists" for ::1 at 2016-07-15 15:25:10 -0400
Processing by ListsController#index as HTML
  [1m[35mList Load (0.3ms)[0m  SELECT "lists".* FROM "lists"
  Rendered lists/index.html.erb within layouts/application (6.1ms)
Completed 200 OK in 59ms (Views: 57.9ms | ActiveRecord: 0.3ms)


Started GET "/lists" for ::1 at 2016-07-15 15:25:49 -0400
Processing by ListsController#index as HTML
  [1m[36mList Load (0.2ms)[0m  [1mSELECT "lists".* FROM "lists"[0m
  Rendered lists/index.html.erb within layouts/application (4.0ms)
Completed 200 OK in 40ms (Views: 38.0ms | ActiveRecord: 0.2ms)


Started GET "/assets/todomvc-base.self-a66641f41d319c2f2f39ae06e193cc37c366ccc356a61c65c573a7c7452f384e.css?body=1" for ::1 at 2016-07-15 15:25:50 -0400


Started GET "/assets/turbolinks.self-c37727e9bd6b2735da5c311aa83fead54ed0be6cc8bd9a65309e9c5abe2cbfff.js?body=1" for ::1 at 2016-07-15 15:25:50 -0400


Started GET "/assets/lists.self-877aef30ae1b040ab8a3aba4e3e309a11d7f2612f44dde450b5c157aa5f95c05.js?body=1" for ::1 at 2016-07-15 15:25:50 -0400


Started GET "/assets/application.self-e3aeec5fd5935b99828fb8f43ec8a1afd3aad7f84cc15ac5eafc65b5ad8ef866.css?body=1" for ::1 at 2016-07-15 15:25:50 -0400


Started GET "/assets/jquery_ujs.self-e87806d0cf4489aeb1bb7288016024e8de67fd18db693fe026fe3907581e53cd.js?body=1" for ::1 at 2016-07-15 15:25:50 -0400


Started GET "/assets/jquery.self-660adc51e0224b731d29f575a6f1ec167ba08ad06ed5deca4f1e8654c135bf4c.js?body=1" for ::1 at 2016-07-15 15:25:50 -0400


Started GET "/assets/application.self-3b8dabdc891efe46b9a144b400ad69e37d7e5876bdc39dee783419a69d7ca819.js?body=1" for ::1 at 2016-07-15 15:25:50 -0400


Started GET "/lists/1" for ::1 at 2016-07-15 15:25:52 -0400
Processing by ListsController#show as HTML
  Parameters: {"id"=>"1"}
  [1m[35mList Load (0.2ms)[0m  SELECT  "lists".* FROM "lists" WHERE "lists"."id" = ? LIMIT 1  [["id", 1]]
  Rendered lists/show.html.erb within layouts/application (0.8ms)
Completed 200 OK in 30ms (Views: 27.5ms | ActiveRecord: 0.2ms)


Started GET "/lists" for ::1 at 2016-07-15 15:25:54 -0400
Processing by ListsController#index as HTML
  [1m[36mList Load (0.2ms)[0m  [1mSELECT "lists".* FROM "lists"[0m
  Rendered lists/index.html.erb within layouts/application (2.8ms)
Completed 200 OK in 26ms (Views: 23.5ms | ActiveRecord: 0.2ms)


Started GET "/lists" for ::1 at 2016-07-15 15:27:07 -0400
Processing by ListsController#index as HTML
  [1m[35mList Load (0.2ms)[0m  SELECT "lists".* FROM "lists"
  Rendered lists/index.html.erb within layouts/application (3.1ms)
Completed 200 OK in 36ms (Views: 34.4ms | ActiveRecord: 0.2ms)


Started GET "/assets/todomvc-base.self-a66641f41d319c2f2f39ae06e193cc37c366ccc356a61c65c573a7c7452f384e.css?body=1" for ::1 at 2016-07-15 15:27:07 -0400


Started GET "/assets/application.self-3b8dabdc891efe46b9a144b400ad69e37d7e5876bdc39dee783419a69d7ca819.js?body=1" for ::1 at 2016-07-15 15:27:07 -0400


Started GET "/assets/application.self-e3aeec5fd5935b99828fb8f43ec8a1afd3aad7f84cc15ac5eafc65b5ad8ef866.css?body=1" for ::1 at 2016-07-15 15:27:07 -0400


Started GET "/assets/jquery.self-660adc51e0224b731d29f575a6f1ec167ba08ad06ed5deca4f1e8654c135bf4c.js?body=1" for ::1 at 2016-07-15 15:27:07 -0400


Started GET "/assets/turbolinks.self-c37727e9bd6b2735da5c311aa83fead54ed0be6cc8bd9a65309e9c5abe2cbfff.js?body=1" for ::1 at 2016-07-15 15:27:07 -0400


Started GET "/assets/lists.self-877aef30ae1b040ab8a3aba4e3e309a11d7f2612f44dde450b5c157aa5f95c05.js?body=1" for ::1 at 2016-07-15 15:27:07 -0400


Started GET "/assets/jquery_ujs.self-e87806d0cf4489aeb1bb7288016024e8de67fd18db693fe026fe3907581e53cd.js?body=1" for ::1 at 2016-07-15 15:27:07 -0400


Started GET "/lists/1" for ::1 at 2016-07-15 15:27:08 -0400
Processing by ListsController#show as HTML
  Parameters: {"id"=>"1"}
  [1m[36mList Load (0.1ms)[0m  [1mSELECT  "lists".* FROM "lists" WHERE "lists"."id" = ? LIMIT 1[0m  [["id", 1]]
  Rendered lists/show.html.erb within layouts/application (1.4ms)
Completed 200 OK in 26ms (Views: 24.5ms | ActiveRecord: 0.1ms)


Started GET "/lists" for ::1 at 2016-07-15 15:27:10 -0400
Processing by ListsController#index as HTML
  [1m[35mList Load (0.2ms)[0m  SELECT "lists".* FROM "lists"
  Rendered lists/index.html.erb within layouts/application (2.9ms)
Completed 200 OK in 25ms (Views: 24.4ms | ActiveRecord: 0.2ms)


Started GET "/lists" for ::1 at 2016-07-15 15:27:35 -0400
Processing by ListsController#index as HTML
  [1m[36mList Load (0.4ms)[0m  [1mSELECT "lists".* FROM "lists"[0m
  Rendered lists/index.html.erb within layouts/application (3.3ms)
Completed 200 OK in 22ms (Views: 21.4ms | ActiveRecord: 0.4ms)


Started GET "/assets/todomvc-base.self-a66641f41d319c2f2f39ae06e193cc37c366ccc356a61c65c573a7c7452f384e.css?body=1" for ::1 at 2016-07-15 15:27:35 -0400


Started GET "/assets/turbolinks.self-c37727e9bd6b2735da5c311aa83fead54ed0be6cc8bd9a65309e9c5abe2cbfff.js?body=1" for ::1 at 2016-07-15 15:27:35 -0400


Started GET "/assets/application.self-3b8dabdc891efe46b9a144b400ad69e37d7e5876bdc39dee783419a69d7ca819.js?body=1" for ::1 at 2016-07-15 15:27:35 -0400


Started GET "/assets/application.self-e3aeec5fd5935b99828fb8f43ec8a1afd3aad7f84cc15ac5eafc65b5ad8ef866.css?body=1" for ::1 at 2016-07-15 15:27:35 -0400


Started GET "/assets/jquery.self-660adc51e0224b731d29f575a6f1ec167ba08ad06ed5deca4f1e8654c135bf4c.js?body=1" for ::1 at 2016-07-15 15:27:35 -0400


Started GET "/assets/lists.self-877aef30ae1b040ab8a3aba4e3e309a11d7f2612f44dde450b5c157aa5f95c05.js?body=1" for ::1 at 2016-07-15 15:27:35 -0400


Started GET "/assets/jquery_ujs.self-e87806d0cf4489aeb1bb7288016024e8de67fd18db693fe026fe3907581e53cd.js?body=1" for ::1 at 2016-07-15 15:27:35 -0400


Started GET "/lists/1" for ::1 at 2016-07-15 15:27:36 -0400
Processing by ListsController#show as HTML
  Parameters: {"id"=>"1"}
  [1m[35mList Load (0.3ms)[0m  SELECT  "lists".* FROM "lists" WHERE "lists"."id" = ? LIMIT 1  [["id", 1]]
  Rendered lists/show.html.erb within layouts/application (0.9ms)
Completed 200 OK in 27ms (Views: 25.3ms | ActiveRecord: 0.3ms)


Started GET "/lists" for ::1 at 2016-07-15 15:27:38 -0400
Processing by ListsController#index as HTML
  [1m[36mList Load (0.2ms)[0m  [1mSELECT "lists".* FROM "lists"[0m
  Rendered lists/index.html.erb within layouts/application (2.7ms)
Completed 200 OK in 26ms (Views: 23.8ms | ActiveRecord: 0.2ms)


Started GET "/lists" for ::1 at 2016-07-15 15:28:20 -0400
Processing by ListsController#index as HTML
  [1m[35mList Load (0.2ms)[0m  SELECT "lists".* FROM "lists"
  Rendered lists/index.html.erb within layouts/application (3.3ms)
Completed 200 OK in 23ms (Views: 22.0ms | ActiveRecord: 0.2ms)


Started GET "/assets/todomvc-base.self-a66641f41d319c2f2f39ae06e193cc37c366ccc356a61c65c573a7c7452f384e.css?body=1" for ::1 at 2016-07-15 15:28:20 -0400


Started GET "/assets/application.self-e3aeec5fd5935b99828fb8f43ec8a1afd3aad7f84cc15ac5eafc65b5ad8ef866.css?body=1" for ::1 at 2016-07-15 15:28:20 -0400


Started GET "/assets/lists.self-877aef30ae1b040ab8a3aba4e3e309a11d7f2612f44dde450b5c157aa5f95c05.js?body=1" for ::1 at 2016-07-15 15:28:20 -0400


Started GET "/assets/jquery.self-660adc51e0224b731d29f575a6f1ec167ba08ad06ed5deca4f1e8654c135bf4c.js?body=1" for ::1 at 2016-07-15 15:28:20 -0400


Started GET "/assets/turbolinks.self-c37727e9bd6b2735da5c311aa83fead54ed0be6cc8bd9a65309e9c5abe2cbfff.js?body=1" for ::1 at 2016-07-15 15:28:20 -0400


Started GET "/assets/jquery_ujs.self-e87806d0cf4489aeb1bb7288016024e8de67fd18db693fe026fe3907581e53cd.js?body=1" for ::1 at 2016-07-15 15:28:20 -0400


Started GET "/assets/application.self-3b8dabdc891efe46b9a144b400ad69e37d7e5876bdc39dee783419a69d7ca819.js?body=1" for ::1 at 2016-07-15 15:28:20 -0400


Started GET "/lists/1" for ::1 at 2016-07-15 15:28:22 -0400
Processing by ListsController#show as HTML
  Parameters: {"id"=>"1"}
  [1m[36mList Load (0.2ms)[0m  [1mSELECT  "lists".* FROM "lists" WHERE "lists"."id" = ? LIMIT 1[0m  [["id", 1]]
  Rendered lists/show.html.erb within layouts/application (1.0ms)
Completed 200 OK in 35ms (Views: 33.8ms | ActiveRecord: 0.2ms)


Started GET "/lists/1" for ::1 at 2016-07-15 15:28:41 -0400
Processing by ListsController#show as HTML
  Parameters: {"id"=>"1"}
  [1m[35mList Load (0.1ms)[0m  SELECT  "lists".* FROM "lists" WHERE "lists"."id" = ? LIMIT 1  [["id", 1]]
  Rendered lists/show.html.erb within layouts/application (1.2ms)
Completed 200 OK in 25ms (Views: 24.0ms | ActiveRecord: 0.1ms)


Started GET "/assets/todomvc-base.self-a66641f41d319c2f2f39ae06e193cc37c366ccc356a61c65c573a7c7452f384e.css?body=1" for ::1 at 2016-07-15 15:28:41 -0400


Started GET "/assets/turbolinks.self-c37727e9bd6b2735da5c311aa83fead54ed0be6cc8bd9a65309e9c5abe2cbfff.js?body=1" for ::1 at 2016-07-15 15:28:41 -0400


Started GET "/assets/application.self-e3aeec5fd5935b99828fb8f43ec8a1afd3aad7f84cc15ac5eafc65b5ad8ef866.css?body=1" for ::1 at 2016-07-15 15:28:41 -0400


Started GET "/assets/jquery.self-660adc51e0224b731d29f575a6f1ec167ba08ad06ed5deca4f1e8654c135bf4c.js?body=1" for ::1 at 2016-07-15 15:28:41 -0400


Started GET "/assets/lists.self-877aef30ae1b040ab8a3aba4e3e309a11d7f2612f44dde450b5c157aa5f95c05.js?body=1" for ::1 at 2016-07-15 15:28:41 -0400


Started GET "/assets/jquery_ujs.self-e87806d0cf4489aeb1bb7288016024e8de67fd18db693fe026fe3907581e53cd.js?body=1" for ::1 at 2016-07-15 15:28:41 -0400


Started GET "/assets/application.self-3b8dabdc891efe46b9a144b400ad69e37d7e5876bdc39dee783419a69d7ca819.js?body=1" for ::1 at 2016-07-15 15:28:41 -0400


Started GET "/lists/1" for ::1 at 2016-07-15 15:29:01 -0400
Processing by ListsController#show as HTML
  Parameters: {"id"=>"1"}
  [1m[36mList Load (0.2ms)[0m  [1mSELECT  "lists".* FROM "lists" WHERE "lists"."id" = ? LIMIT 1[0m  [["id", 1]]
  Rendered lists/show.html.erb within layouts/application (1.2ms)
Completed 200 OK in 26ms (Views: 24.2ms | ActiveRecord: 0.2ms)


Started GET "/assets/todomvc-base.self-a66641f41d319c2f2f39ae06e193cc37c366ccc356a61c65c573a7c7452f384e.css?body=1" for ::1 at 2016-07-15 15:29:01 -0400


Started GET "/assets/application.self-e3aeec5fd5935b99828fb8f43ec8a1afd3aad7f84cc15ac5eafc65b5ad8ef866.css?body=1" for ::1 at 2016-07-15 15:29:01 -0400


Started GET "/assets/jquery.self-660adc51e0224b731d29f575a6f1ec167ba08ad06ed5deca4f1e8654c135bf4c.js?body=1" for ::1 at 2016-07-15 15:29:01 -0400


Started GET "/assets/turbolinks.self-c37727e9bd6b2735da5c311aa83fead54ed0be6cc8bd9a65309e9c5abe2cbfff.js?body=1" for ::1 at 2016-07-15 15:29:01 -0400


Started GET "/assets/lists.self-877aef30ae1b040ab8a3aba4e3e309a11d7f2612f44dde450b5c157aa5f95c05.js?body=1" for ::1 at 2016-07-15 15:29:01 -0400


Started GET "/assets/application.self-3b8dabdc891efe46b9a144b400ad69e37d7e5876bdc39dee783419a69d7ca819.js?body=1" for ::1 at 2016-07-15 15:29:01 -0400


Started GET "/assets/jquery_ujs.self-e87806d0cf4489aeb1bb7288016024e8de67fd18db693fe026fe3907581e53cd.js?body=1" for ::1 at 2016-07-15 15:29:01 -0400


Started GET "/lists/1" for ::1 at 2016-07-15 15:29:18 -0400
Processing by ListsController#show as HTML
  Parameters: {"id"=>"1"}
  [1m[35mList Load (0.2ms)[0m  SELECT  "lists".* FROM "lists" WHERE "lists"."id" = ? LIMIT 1  [["id", 1]]
  Rendered lists/show.html.erb within layouts/application (0.8ms)
Completed 200 OK in 23ms (Views: 20.9ms | ActiveRecord: 0.2ms)


Started GET "/assets/jquery.self-660adc51e0224b731d29f575a6f1ec167ba08ad06ed5deca4f1e8654c135bf4c.js?body=1" for ::1 at 2016-07-15 15:29:18 -0400


Started GET "/assets/lists.self-877aef30ae1b040ab8a3aba4e3e309a11d7f2612f44dde450b5c157aa5f95c05.js?body=1" for ::1 at 2016-07-15 15:29:18 -0400


Started GET "/assets/turbolinks.self-c37727e9bd6b2735da5c311aa83fead54ed0be6cc8bd9a65309e9c5abe2cbfff.js?body=1" for ::1 at 2016-07-15 15:29:18 -0400


Started GET "/assets/todomvc-base.self-a66641f41d319c2f2f39ae06e193cc37c366ccc356a61c65c573a7c7452f384e.css?body=1" for ::1 at 2016-07-15 15:29:18 -0400


Started GET "/assets/jquery_ujs.self-e87806d0cf4489aeb1bb7288016024e8de67fd18db693fe026fe3907581e53cd.js?body=1" for ::1 at 2016-07-15 15:29:18 -0400


Started GET "/assets/application.self-e3aeec5fd5935b99828fb8f43ec8a1afd3aad7f84cc15ac5eafc65b5ad8ef866.css?body=1" for ::1 at 2016-07-15 15:29:18 -0400


Started GET "/assets/application.self-3b8dabdc891efe46b9a144b400ad69e37d7e5876bdc39dee783419a69d7ca819.js?body=1" for ::1 at 2016-07-15 15:29:18 -0400


Started GET "/lists/1" for ::1 at 2016-07-15 15:29:36 -0400
Processing by ListsController#show as HTML
  Parameters: {"id"=>"1"}
  [1m[36mList Load (0.1ms)[0m  [1mSELECT  "lists".* FROM "lists" WHERE "lists"."id" = ? LIMIT 1[0m  [["id", 1]]
  Rendered lists/show.html.erb within layouts/application (55.9ms)
Completed 500 Internal Server Error in 64ms (ActiveRecord: 0.1ms)

ActionView::Template::Error (undefined local variable or method `lists' for #<#<Class:0x007f97450497d0>:0x007f974551cd20>
Did you mean?  lists_url
               lists_path
               @list):
    21: 
    22:   </section>
    23:   <footer class="footer">
    24:   <%= link_to "Back", list_path(lists) %> </div>
    25:   </footer>
    26: </section>
  app/views/lists/show.html.erb:24:in `_app_views_lists_show_html_erb__1390590649954125064_70143838358720'


  Rendered /Users/Yumei/.rvm/gems/ruby-2.3.0/gems/actionpack-4.2.5.1/lib/action_dispatch/middleware/templates/rescues/_source.erb (10.0ms)
  Rendered /Users/Yumei/.rvm/gems/ruby-2.3.0/gems/actionpack-4.2.5.1/lib/action_dispatch/middleware/templates/rescues/_trace.html.erb (5.1ms)
  Rendered /Users/Yumei/.rvm/gems/ruby-2.3.0/gems/actionpack-4.2.5.1/lib/action_dispatch/middleware/templates/rescues/_request_and_response.html.erb (2.2ms)
  Rendered /Users/Yumei/.rvm/gems/ruby-2.3.0/gems/actionpack-4.2.5.1/lib/action_dispatch/middleware/templates/rescues/template_error.html.erb within rescues/layout (132.9ms)
  Rendered /Users/Yumei/.rvm/gems/ruby-2.3.0/gems/web-console-2.3.0/lib/web_console/templates/_markup.html.erb (0.7ms)
  Rendered /Users/Yumei/.rvm/gems/ruby-2.3.0/gems/web-console-2.3.0/lib/web_console/templates/_inner_console_markup.html.erb within layouts/inlined_string (0.6ms)
  Rendered /Users/Yumei/.rvm/gems/ruby-2.3.0/gems/web-console-2.3.0/lib/web_console/templates/_prompt_box_markup.html.erb within layouts/inlined_string (0.4ms)
  Rendered /Users/Yumei/.rvm/gems/ruby-2.3.0/gems/web-console-2.3.0/lib/web_console/templates/style.css.erb within layouts/inlined_string (0.6ms)
  Rendered /Users/Yumei/.rvm/gems/ruby-2.3.0/gems/web-console-2.3.0/lib/web_console/templates/console.js.erb within layouts/javascript (113.4ms)
  Rendered /Users/Yumei/.rvm/gems/ruby-2.3.0/gems/web-console-2.3.0/lib/web_console/templates/main.js.erb within layouts/javascript (0.6ms)
  Rendered /Users/Yumei/.rvm/gems/ruby-2.3.0/gems/web-console-2.3.0/lib/web_console/templates/error_page.js.erb within layouts/javascript (0.6ms)
  Rendered /Users/Yumei/.rvm/gems/ruby-2.3.0/gems/web-console-2.3.0/lib/web_console/templates/index.html.erb (278.6ms)


Started GET "/lists/1" for ::1 at 2016-07-15 15:30:23 -0400
Processing by ListsController#show as HTML
  Parameters: {"id"=>"1"}
  [1m[35mList Load (0.2ms)[0m  SELECT  "lists".* FROM "lists" WHERE "lists"."id" = ? LIMIT 1  [["id", 1]]
  Rendered lists/show.html.erb within layouts/application (0.8ms)
Completed 200 OK in 22ms (Views: 20.7ms | ActiveRecord: 0.1ms)


Started GET "/assets/todomvc-base.self-a66641f41d319c2f2f39ae06e193cc37c366ccc356a61c65c573a7c7452f384e.css?body=1" for ::1 at 2016-07-15 15:30:23 -0400


Started GET "/assets/application.self-3b8dabdc891efe46b9a144b400ad69e37d7e5876bdc39dee783419a69d7ca819.js?body=1" for ::1 at 2016-07-15 15:30:23 -0400


Started GET "/assets/turbolinks.self-c37727e9bd6b2735da5c311aa83fead54ed0be6cc8bd9a65309e9c5abe2cbfff.js?body=1" for ::1 at 2016-07-15 15:30:23 -0400


Started GET "/assets/lists.self-877aef30ae1b040ab8a3aba4e3e309a11d7f2612f44dde450b5c157aa5f95c05.js?body=1" for ::1 at 2016-07-15 15:30:23 -0400


Started GET "/assets/jquery_ujs.self-e87806d0cf4489aeb1bb7288016024e8de67fd18db693fe026fe3907581e53cd.js?body=1" for ::1 at 2016-07-15 15:30:23 -0400


Started GET "/assets/jquery.self-660adc51e0224b731d29f575a6f1ec167ba08ad06ed5deca4f1e8654c135bf4c.js?body=1" for ::1 at 2016-07-15 15:30:23 -0400


Started GET "/assets/application.self-e3aeec5fd5935b99828fb8f43ec8a1afd3aad7f84cc15ac5eafc65b5ad8ef866.css?body=1" for ::1 at 2016-07-15 15:30:23 -0400


Started GET "/lists/1" for ::1 at 2016-07-15 15:31:22 -0400
Processing by ListsController#show as HTML
  Parameters: {"id"=>"1"}
  [1m[36mList Load (0.2ms)[0m  [1mSELECT  "lists".* FROM "lists" WHERE "lists"."id" = ? LIMIT 1[0m  [["id", 1]]
  Rendered lists/show.html.erb within layouts/application (0.9ms)
Completed 200 OK in 22ms (Views: 20.5ms | ActiveRecord: 0.2ms)


Started GET "/assets/todomvc-base.self-a66641f41d319c2f2f39ae06e193cc37c366ccc356a61c65c573a7c7452f384e.css?body=1" for ::1 at 2016-07-15 15:31:22 -0400


Started GET "/assets/application.self-e3aeec5fd5935b99828fb8f43ec8a1afd3aad7f84cc15ac5eafc65b5ad8ef866.css?body=1" for ::1 at 2016-07-15 15:31:22 -0400


Started GET "/assets/jquery.self-660adc51e0224b731d29f575a6f1ec167ba08ad06ed5deca4f1e8654c135bf4c.js?body=1" for ::1 at 2016-07-15 15:31:22 -0400


Started GET "/assets/jquery_ujs.self-e87806d0cf4489aeb1bb7288016024e8de67fd18db693fe026fe3907581e53cd.js?body=1" for ::1 at 2016-07-15 15:31:22 -0400


Started GET "/assets/lists.self-877aef30ae1b040ab8a3aba4e3e309a11d7f2612f44dde450b5c157aa5f95c05.js?body=1" for ::1 at 2016-07-15 15:31:22 -0400


Started GET "/assets/application.self-3b8dabdc891efe46b9a144b400ad69e37d7e5876bdc39dee783419a69d7ca819.js?body=1" for ::1 at 2016-07-15 15:31:22 -0400


Started GET "/assets/turbolinks.self-c37727e9bd6b2735da5c311aa83fead54ed0be6cc8bd9a65309e9c5abe2cbfff.js?body=1" for ::1 at 2016-07-15 15:31:22 -0400


Started GET "/lists/1" for ::1 at 2016-07-15 15:31:35 -0400
Processing by ListsController#show as HTML
  Parameters: {"id"=>"1"}
  [1m[35mList Load (0.2ms)[0m  SELECT  "lists".* FROM "lists" WHERE "lists"."id" = ? LIMIT 1  [["id", 1]]
  Rendered lists/show.html.erb within layouts/application (1.0ms)
Completed 200 OK in 23ms (Views: 21.2ms | ActiveRecord: 0.2ms)


Started GET "/assets/todomvc-base.self-a66641f41d319c2f2f39ae06e193cc37c366ccc356a61c65c573a7c7452f384e.css?body=1" for ::1 at 2016-07-15 15:31:35 -0400


Started GET "/assets/turbolinks.self-c37727e9bd6b2735da5c311aa83fead54ed0be6cc8bd9a65309e9c5abe2cbfff.js?body=1" for ::1 at 2016-07-15 15:31:35 -0400


Started GET "/assets/jquery.self-660adc51e0224b731d29f575a6f1ec167ba08ad06ed5deca4f1e8654c135bf4c.js?body=1" for ::1 at 2016-07-15 15:31:35 -0400


Started GET "/assets/jquery_ujs.self-e87806d0cf4489aeb1bb7288016024e8de67fd18db693fe026fe3907581e53cd.js?body=1" for ::1 at 2016-07-15 15:31:35 -0400


Started GET "/assets/application.self-3b8dabdc891efe46b9a144b400ad69e37d7e5876bdc39dee783419a69d7ca819.js?body=1" for ::1 at 2016-07-15 15:31:35 -0400


Started GET "/assets/application.self-e3aeec5fd5935b99828fb8f43ec8a1afd3aad7f84cc15ac5eafc65b5ad8ef866.css?body=1" for ::1 at 2016-07-15 15:31:35 -0400


Started GET "/assets/lists.self-877aef30ae1b040ab8a3aba4e3e309a11d7f2612f44dde450b5c157aa5f95c05.js?body=1" for ::1 at 2016-07-15 15:31:35 -0400


Started GET "/lists/1" for ::1 at 2016-07-15 15:31:37 -0400
Processing by ListsController#show as HTML
  Parameters: {"id"=>"1"}
  [1m[36mList Load (0.2ms)[0m  [1mSELECT  "lists".* FROM "lists" WHERE "lists"."id" = ? LIMIT 1[0m  [["id", 1]]
  Rendered lists/show.html.erb within layouts/application (1.0ms)
Completed 200 OK in 27ms (Views: 25.3ms | ActiveRecord: 0.2ms)


Started GET "/lists/1" for ::1 at 2016-07-15 15:31:37 -0400
Processing by ListsController#show as HTML
  Parameters: {"id"=>"1"}
  [1m[35mList Load (0.2ms)[0m  SELECT  "lists".* FROM "lists" WHERE "lists"."id" = ? LIMIT 1  [["id", 1]]
  Rendered lists/show.html.erb within layouts/application (0.5ms)
Completed 200 OK in 26ms (Views: 24.5ms | ActiveRecord: 0.2ms)


Started GET "/lists/1" for ::1 at 2016-07-15 15:33:06 -0400
Processing by ListsController#show as HTML
  Parameters: {"id"=>"1"}
  [1m[36mList Load (0.1ms)[0m  [1mSELECT  "lists".* FROM "lists" WHERE "lists"."id" = ? LIMIT 1[0m  [["id", 1]]
  Rendered lists/show.html.erb within layouts/application (1.2ms)
Completed 200 OK in 25ms (Views: 23.8ms | ActiveRecord: 0.1ms)


Started GET "/assets/todomvc-base.self-a66641f41d319c2f2f39ae06e193cc37c366ccc356a61c65c573a7c7452f384e.css?body=1" for ::1 at 2016-07-15 15:33:06 -0400


Started GET "/assets/application.self-e3aeec5fd5935b99828fb8f43ec8a1afd3aad7f84cc15ac5eafc65b5ad8ef866.css?body=1" for ::1 at 2016-07-15 15:33:06 -0400


Started GET "/assets/jquery.self-660adc51e0224b731d29f575a6f1ec167ba08ad06ed5deca4f1e8654c135bf4c.js?body=1" for ::1 at 2016-07-15 15:33:06 -0400


Started GET "/assets/turbolinks.self-c37727e9bd6b2735da5c311aa83fead54ed0be6cc8bd9a65309e9c5abe2cbfff.js?body=1" for ::1 at 2016-07-15 15:33:06 -0400


Started GET "/assets/jquery_ujs.self-e87806d0cf4489aeb1bb7288016024e8de67fd18db693fe026fe3907581e53cd.js?body=1" for ::1 at 2016-07-15 15:33:06 -0400


Started GET "/assets/lists.self-877aef30ae1b040ab8a3aba4e3e309a11d7f2612f44dde450b5c157aa5f95c05.js?body=1" for ::1 at 2016-07-15 15:33:06 -0400


Started GET "/assets/application.self-3b8dabdc891efe46b9a144b400ad69e37d7e5876bdc39dee783419a69d7ca819.js?body=1" for ::1 at 2016-07-15 15:33:06 -0400


Started GET "/lists/1" for ::1 at 2016-07-15 15:33:32 -0400
Processing by ListsController#show as HTML
  Parameters: {"id"=>"1"}
  [1m[35mList Load (0.1ms)[0m  SELECT  "lists".* FROM "lists" WHERE "lists"."id" = ? LIMIT 1  [["id", 1]]
  Rendered lists/show.html.erb within layouts/application (1.0ms)
Completed 200 OK in 27ms (Views: 26.1ms | ActiveRecord: 0.1ms)


Started GET "/assets/todomvc-base.self-a66641f41d319c2f2f39ae06e193cc37c366ccc356a61c65c573a7c7452f384e.css?body=1" for ::1 at 2016-07-15 15:33:32 -0400


Started GET "/assets/application.self-e3aeec5fd5935b99828fb8f43ec8a1afd3aad7f84cc15ac5eafc65b5ad8ef866.css?body=1" for ::1 at 2016-07-15 15:33:32 -0400


Started GET "/assets/lists.self-877aef30ae1b040ab8a3aba4e3e309a11d7f2612f44dde450b5c157aa5f95c05.js?body=1" for ::1 at 2016-07-15 15:33:32 -0400


Started GET "/assets/jquery_ujs.self-e87806d0cf4489aeb1bb7288016024e8de67fd18db693fe026fe3907581e53cd.js?body=1" for ::1 at 2016-07-15 15:33:32 -0400


Started GET "/assets/application.self-3b8dabdc891efe46b9a144b400ad69e37d7e5876bdc39dee783419a69d7ca819.js?body=1" for ::1 at 2016-07-15 15:33:32 -0400


Started GET "/assets/jquery.self-660adc51e0224b731d29f575a6f1ec167ba08ad06ed5deca4f1e8654c135bf4c.js?body=1" for ::1 at 2016-07-15 15:33:32 -0400


Started GET "/assets/turbolinks.self-c37727e9bd6b2735da5c311aa83fead54ed0be6cc8bd9a65309e9c5abe2cbfff.js?body=1" for ::1 at 2016-07-15 15:33:32 -0400


Started GET "/lists" for ::1 at 2016-07-15 15:35:20 -0400
Processing by ListsController#index as HTML
  [1m[36mList Load (0.2ms)[0m  [1mSELECT "lists".* FROM "lists"[0m
  Rendered lists/index.html.erb within layouts/application (6.6ms)
Completed 200 OK in 37ms (Views: 31.8ms | ActiveRecord: 0.2ms)


Started GET "/" for ::1 at 2016-07-15 16:30:17 -0400
  [1m[36mActiveRecord::SchemaMigration Load (0.3ms)[0m  [1mSELECT "schema_migrations".* FROM "schema_migrations"[0m
Processing by ListsController#index as HTML
  [1m[35mList Load (0.2ms)[0m  SELECT "lists".* FROM "lists"
  Rendered lists/index.html.erb within layouts/application (39.4ms)
Completed 200 OK in 525ms (Views: 498.9ms | ActiveRecord: 0.6ms)


Started GET "/lists/1" for ::1 at 2016-07-15 16:30:21 -0400
Processing by ListsController#show as HTML
  Parameters: {"id"=>"1"}
  [1m[36mList Load (0.2ms)[0m  [1mSELECT  "lists".* FROM "lists" WHERE "lists"."id" = ? LIMIT 1[0m  [["id", 1]]
  Rendered lists/show.html.erb within layouts/application (1.2ms)
Completed 200 OK in 54ms (Views: 29.6ms | ActiveRecord: 0.2ms)
